<?xml version="1.0" encoding="utf-8"?><testsuites name="pytest tests"><testsuite name="pytest" errors="0" failures="0" skipped="0" tests="16" time="0.127" timestamp="2026-07-21T00:30:48.016073+08:00" hostname="MSI"><testcase classname="starter_ws.src.sanitation_spot_cleaning.test.test_active_observation" name="test_continuous_refresh_uses_last_seen_not_first_seen" time="0.000" /><testcase classname="starter_ws.src.sanitation_spot_cleaning.test.test_active_observation" name="test_observations_stop_then_sensor_stale_is_fail_closed" time="0.000" /><testcase classname="starter_ws.src.sanitation_spot_cleaning.test.test_active_observation" name="test_long_component_wait_is_not_rejected_from_first_seen_time" time="0.000" /><testcase classname="starter_ws.src.sanitation_spot_cleaning.test.test_active_observation" name="test_spatial_candidate_merge_survives_model_id_change" time="0.000" /><testcase classname="starter_ws.src.sanitation_spot_cleaning.test.test_active_observation" name="test_two_approaches_record_cost_reason_and_coverage_resume" time="0.000" /><testcase classname="starter_ws.src.sanitation_spot_cleaning.test.test_active_observation" name="test_dynamic_approach_timeout_includes_path_length_over_minimum_speed" time="0.000" /><testcase classname="starter_ws.src.sanitation_spot_cleaning.test.test_active_observation" name="test_unreachable_is_terminal_and_reason_is_retained" time="0.000" /><testcase classname="starter_ws.src.sanitation_spot_cleaning.test.test_active_observation" name="test_stage5br4_record_migrates_backward_compatibly" time="0.000" /><testcase classname="starter_ws.src.sanitation_spot_cleaning.test.test_observation_pose_planner" name="test_planner_selects_reachable_visible_pose_without_gt_pose_passthrough" time="0.001" /><testcase classname="starter_ws.src.sanitation_spot_cleaning.test.test_observation_pose_planner" name="test_planner_rejects_keepout_covariance_self_overlap_and_no_path" time="0.000" /><testcase classname="starter_ws.src.sanitation_spot_cleaning.test.test_observation_pose_planner" name="test_planner_serializes_auditable_metrics" time="0.001" /><testcase classname="starter_ws.src.sanitation_learning.test.test_camera_mechanics" name="test_pitched_camera_aabb_rotates_length_into_height" time="0.000" /><testcase classname="starter_ws.src.sanitation_learning.test.test_camera_mechanics" name="test_stage5br5_camera_grid_uses_exact_collision_geometry_and_trial_footprint" time="0.005" /><testcase classname="starter_ws.src.sanitation_learning.test.test_observability" name="test_ready_policy_separates_discrete_and_area_without_hiding_non_ready" time="0.008" /><testcase classname="starter_ws.src.sanitation_learning.test.test_observability" name="test_downward_camera_has_finite_ground_polygon_and_dual_bandwidth" time="0.003" /><testcase classname="starter_ws.src.sanitation_learning.test.test_observability" name="test_policy_v2_fails_closed_when_occlusion_evidence_is_missing" time="0.001" /></testsuite></testsuites>